[debug] [2021-02-07T04:28:25.822Z] ----------------------------------------------------------------------
[debug] [2021-02-07T04:28:25.824Z] Command:       D:\nodejs\node.exe C:\Users\Gordon\AppData\Roaming\npm\node_modules\firebase-tools\lib\bin\firebase.js emulators:start
[debug] [2021-02-07T04:28:25.825Z] CLI Version:   9.3.0
[debug] [2021-02-07T04:28:25.825Z] Platform:      win32
[debug] [2021-02-07T04:28:25.825Z] Node Version:  v13.11.0
[debug] [2021-02-07T04:28:25.826Z] Time:          Sat Feb 06 2021 20:28:25 GMT-0800 (Pacific Standard Time)
[debug] [2021-02-07T04:28:25.826Z] ----------------------------------------------------------------------
[debug] [2021-02-07T04:28:25.827Z] 
[debug] [2021-02-07T04:28:25.829Z] >>> [apiv2][query] GET https://firebase-public.firebaseio.com/cli.json [none]
[debug] [2021-02-07T04:28:25.850Z] > command requires scopes: ["email","openid","https://www.googleapis.com/auth/cloudplatformprojects.readonly","https://www.googleapis.com/auth/firebase","https://www.googleapis.com/auth/cloud-platform"]
[debug] [2021-02-07T04:28:25.853Z] > authorizing via signed-in user
[info] i  emulators: Starting emulators: auth, functions, firestore, database, hosting, pubsub {"metadata":{"emulator":{"name":"hub"},"message":"Starting emulators: auth, functions, firestore, database, hosting, pubsub"}}
[debug] [2021-02-07T04:28:26.142Z] <<< [apiv2][status] GET https://firebase-public.firebaseio.com/cli.json 200
[debug] [2021-02-07T04:28:26.142Z] <<< [apiv2][body] GET https://firebase-public.firebaseio.com/cli.json {"cloudBuildErrorAfter":1594252800000,"cloudBuildWarnAfter":1590019200000,"defaultNode10After":1594252800000,"minVersion":"3.0.5","node8DeploysDisabledAfter":1613390400000,"node8RuntimeDisabledAfter":1615809600000,"node8WarnAfter":1600128000000}
[debug] [2021-02-07T04:28:27.937Z] [hub] writing locator at C:\Users\Gordon\AppData\Local\Temp\hub-delish-2.json
[warn] !  Your requested "node" version "12" doesn't match your global version "13" {"metadata":{"emulator":{"name":"functions"},"message":"Your requested \"node\" version \"12\" doesn't match your global version \"13\""}}
[debug] [2021-02-07T04:28:30.075Z] defaultcredentials: writing to file C:\Users\Gordon\AppData\Roaming\firebase\andygordon285_gmail_com_application_default_credentials.json
[debug] [2021-02-07T04:28:30.084Z] Setting GAC to C:\Users\Gordon\AppData\Roaming\firebase\andygordon285_gmail_com_application_default_credentials.json {"metadata":{"emulator":{"name":"functions"},"message":"Setting GAC to C:\\Users\\Gordon\\AppData\\Roaming\\firebase\\andygordon285_gmail_com_application_default_credentials.json"}}
[debug] [2021-02-07T04:28:30.087Z] > refreshing access token with scopes: []
[debug] [2021-02-07T04:28:30.088Z] >>> HTTP REQUEST POST https://www.googleapis.com/oauth2/v3/token  
 <request body omitted>
[debug] [2021-02-07T04:28:30.264Z] <<< HTTP RESPONSE 200 {"cache-control":"no-cache, no-store, max-age=0, must-revalidate","date":"Sun, 07 Feb 2021 04:28:29 GMT","expires":"Mon, 01 Jan 1990 00:00:00 GMT","pragma":"no-cache","content-type":"application/json; charset=utf-8","vary":"X-Origin, Referer, Origin,Accept-Encoding","server":"scaffolding on HTTPServer2","x-xss-protection":"0","x-frame-options":"SAMEORIGIN","x-content-type-options":"nosniff","alt-svc":"h3-29=\":443\"; ma=2592000,h3-T051=\":443\"; ma=2592000,h3-Q050=\":443\"; ma=2592000,h3-Q046=\":443\"; ma=2592000,h3-Q043=\":443\"; ma=2592000,quic=\":443\"; ma=2592000; v=\"46,43\"","accept-ranges":"none","transfer-encoding":"chunked"}
[debug] [2021-02-07T04:28:30.279Z] >>> [apiv2][query] GET https://firebase.googleapis.com/v1beta1/projects/delish-2/adminSdkConfig [none]
[debug] [2021-02-07T04:28:30.566Z] <<< [apiv2][status] GET https://firebase.googleapis.com/v1beta1/projects/delish-2/adminSdkConfig 200
[debug] [2021-02-07T04:28:30.566Z] <<< [apiv2][body] GET https://firebase.googleapis.com/v1beta1/projects/delish-2/adminSdkConfig {"projectId":"delish-2","storageBucket":"delish-2.appspot.com","locationId":"us-central"}
[debug] [2021-02-07T04:28:32.595Z] Ignoring unsupported arg: projectId {"metadata":{"emulator":{"name":"firestore"},"message":"Ignoring unsupported arg: projectId"}}
[debug] [2021-02-07T04:28:32.596Z] Ignoring unsupported arg: auto_download {"metadata":{"emulator":{"name":"firestore"},"message":"Ignoring unsupported arg: auto_download"}}
[debug] [2021-02-07T04:28:32.596Z] Starting Firestore Emulator with command {"binary":"java","args":["-Dgoogle.cloud_firestore.debug_log_level=FINE","-Duser.language=en","-jar","C:\\Users\\Gordon\\.cache\\firebase\\emulators\\cloud-firestore-emulator-v1.11.12.jar","--host","localhost","--port",8080,"--rules","D:\\VSPROJECTS\\DELISHFOODWORK\\Delish-Food\\firestore.rules","--functions_emulator","localhost:5001"],"optionalArgs":["port","webchannel_port","host","rules","functions_emulator","seed_from_export"],"joinArgs":false} {"metadata":{"emulator":{"name":"firestore"},"message":"Starting Firestore Emulator with command {\"binary\":\"java\",\"args\":[\"-Dgoogle.cloud_firestore.debug_log_level=FINE\",\"-Duser.language=en\",\"-jar\",\"C:\\\\Users\\\\Gordon\\\\.cache\\\\firebase\\\\emulators\\\\cloud-firestore-emulator-v1.11.12.jar\",\"--host\",\"localhost\",\"--port\",8080,\"--rules\",\"D:\\\\VSPROJECTS\\\\DELISHFOODWORK\\\\Delish-Food\\\\firestore.rules\",\"--functions_emulator\",\"localhost:5001\"],\"optionalArgs\":[\"port\",\"webchannel_port\",\"host\",\"rules\",\"functions_emulator\",\"seed_from_export\"],\"joinArgs\":false}"}}
[info] i  firestore: Firestore Emulator logging to firestore-debug.log {"metadata":{"emulator":{"name":"firestore"},"message":"Firestore Emulator logging to \u001b[1mfirestore-debug.log\u001b[22m"}}
[debug] [2021-02-07T04:28:36.323Z] API endpoint: http://localhost {"metadata":{"emulator":{"name":"firestore"},"message":"API endpoint: http://localhost"}}
[debug] [2021-02-07T04:28:36.323Z] :8080
If you are using a library that supports the FIRESTORE_EMULATOR_HOST environment variable, run:

   export FIRESTORE_EMULATOR_HOST=localhost:8080

Dev App Server is now running.

 {"metadata":{"emulator":{"name":"firestore"},"message":":8080\nIf you are using a library that supports the FIRESTORE_EMULATOR_HOST environment variable, run:\r\n\n   export FIRESTORE_EMULATOR_HOST=localhost:8080\n\nDev App Server is now running.\n\r\n"}}
